[debug] [2022-03-14T15:23:09.717Z] ----------------------------------------------------------------------
[debug] [2022-03-14T15:23:09.718Z] Command:       /opt/homebrew/Cellar/node/17.4.0/bin/node /opt/homebrew/bin/firebase init
[debug] [2022-03-14T15:23:09.719Z] CLI Version:   10.1.4
[debug] [2022-03-14T15:23:09.719Z] Platform:      darwin
[debug] [2022-03-14T15:23:09.719Z] Node Version:  v17.4.0
[debug] [2022-03-14T15:23:09.719Z] Time:          Mon Mar 14 2022 11:23:09 GMT-0400 (Eastern Daylight Time)
[debug] [2022-03-14T15:23:09.720Z] ----------------------------------------------------------------------
[debug] 
[debug] [2022-03-14T15:23:09.721Z] >>> [apiv2][query] GET https://firebase-public.firebaseio.com/cli.json [none]
[debug] [2022-03-14T15:23:09.757Z] > command requires scopes: ["email","openid","https://www.googleapis.com/auth/cloudplatformprojects.readonly","https://www.googleapis.com/auth/firebase","https://www.googleapis.com/auth/cloud-platform"]
[debug] [2022-03-14T15:23:09.757Z] > authorizing via signed-in user (kimberlywgao@gmail.com)
[info] 
     ######## #### ########  ######## ########     ###     ######  ########
     ##        ##  ##     ## ##       ##     ##  ##   ##  ##       ##
     ######    ##  ########  ######   ########  #########  ######  ######
     ##        ##  ##    ##  ##       ##     ## ##     ##       ## ##
     ##       #### ##     ## ######## ########  ##     ##  ######  ########

You're about to initialize a Firebase project in this directory:

  /Users/kimberlygao/Documents/05-430

Before we get started, keep in mind:

  * You are initializing within an existing Firebase project directory

[debug] [2022-03-14T15:23:09.979Z] <<< [apiv2][status] GET https://firebase-public.firebaseio.com/cli.json 200
[debug] [2022-03-14T15:23:09.979Z] <<< [apiv2][body] GET https://firebase-public.firebaseio.com/cli.json {"cloudBuildErrorAfter":1594252800000,"cloudBuildWarnAfter":1590019200000,"defaultNode10After":1594252800000,"minVersion":"3.0.5","node8DeploysDisabledAfter":1613390400000,"node8RuntimeDisabledAfter":1615809600000,"node8WarnAfter":1600128000000}
[info] 
=== Project Setup
[info] 
[info] First, let's associate this project directory with a Firebase project.
[info] You can create multiple project aliases by running firebase use --add, 
[info] but for now we'll just set up a default project.
[info] 
[debug] [2022-03-14T15:23:23.035Z] Using project from CLI flag: pui-spring22
[debug] [2022-03-14T15:23:23.036Z] > refreshing access token with scopes: []
[debug] [2022-03-14T15:23:23.037Z] >>> HTTP REQUEST POST https://www.googleapis.com/oauth2/v3/token  
 <request body omitted>
[debug] [2022-03-14T15:23:23.278Z] <<< HTTP RESPONSE 200 {"pragma":"no-cache","cache-control":"no-cache, no-store, max-age=0, must-revalidate","expires":"Mon, 01 Jan 1990 00:00:00 GMT","date":"Mon, 14 Mar 2022 15:23:23 GMT","content-type":"application/json; charset=utf-8","vary":"X-Origin, Referer, Origin,Accept-Encoding","server":"scaffolding on HTTPServer2","x-xss-protection":"0","x-frame-options":"SAMEORIGIN","x-content-type-options":"nosniff","alt-svc":"h3=\":443\"; ma=2592000,h3-29=\":443\"; ma=2592000,h3-Q050=\":443\"; ma=2592000,h3-Q046=\":443\"; ma=2592000,h3-Q043=\":443\"; ma=2592000,quic=\":443\"; ma=2592000; v=\"46,43\"","accept-ranges":"none","transfer-encoding":"chunked"}
[debug] [2022-03-14T15:23:23.325Z] >>> [apiv2][query] GET https://firebase.googleapis.com/v1beta1/projects/pui-spring22 [none]
[debug] [2022-03-14T15:23:23.679Z] <<< [apiv2][status] GET https://firebase.googleapis.com/v1beta1/projects/pui-spring22 200
[debug] [2022-03-14T15:23:23.679Z] <<< [apiv2][body] GET https://firebase.googleapis.com/v1beta1/projects/pui-spring22 {"projectId":"pui-spring22","projectNumber":"622370304083","displayName":"pui-spring22","name":"projects/pui-spring22","resources":{"hostingSite":"pui-spring22"},"state":"ACTIVE"}
[info] i  Using project pui-spring22 (pui-spring22) 
[info] 
=== Hosting Setup
[info] 
[info] Your public directory is the folder (relative to your project directory) that
[info] will contain Hosting assets to be uploaded with firebase deploy. If you
[info] have a build process for your assets, use your build's output directory.
[info] 
